<?xml version="1.0" encoding="UTF-8"?>
<testsuite xmlns:xsi="http://www.w3.org/2001/XMLSchema-instance" xsi:noNamespaceSchemaLocation="https://maven.apache.org/surefire/maven-surefire-plugin/xsd/surefire-test-report-3.0.xsd" version="3.0" name="ru.otus.hw.repositories.MongoGenreRepositoryTest" time="0.071" tests="1" errors="0" skipped="0" failures="0">
  <properties>
    <property name="java.specification.version" value="20"/>
    <property name="sun.jnu.encoding" value="UTF-8"/>
    <property name="java.class.path" value="/home/ivan/Projects/OTUS/HW/2024-01-otus-spring-revin/hw11-web-flux/back/target/test-classes:/home/ivan/Projects/OTUS/HW/2024-01-otus-spring-revin/hw11-web-flux/back/target/classes:/home/ivan/.m2/repository/org/projectlombok/lombok/1.18.30/lombok-1.18.30.jar:/home/ivan/.m2/repository/org/springframework/shell/spring-shell-starter/3.1.3/spring-shell-starter-3.1.3.jar:/home/ivan/.m2/repository/org/springframework/shell/spring-shell-autoconfigure/3.1.3/spring-shell-autoconfigure-3.1.3.jar:/home/ivan/.m2/repository/org/springframework/shell/spring-shell-core/3.1.3/spring-shell-core-3.1.3.jar:/home/ivan/.m2/repository/org/springframework/boot/spring-boot-starter-validation/3.1.5/spring-boot-starter-validation-3.1.5.jar:/home/ivan/.m2/repository/org/apache/tomcat/embed/tomcat-embed-el/10.1.15/tomcat-embed-el-10.1.15.jar:/home/ivan/.m2/repository/org/hibernate/validator/hibernate-validator/8.0.1.Final/hibernate-validator-8.0.1.Final.jar:/home/ivan/.m2/repository/jakarta/validation/jakarta.validation-api/3.0.2/jakarta.validation-api-3.0.2.jar:/home/ivan/.m2/repository/org/jboss/logging/jboss-logging/3.5.3.Final/jboss-logging-3.5.3.Final.jar:/home/ivan/.m2/repository/com/fasterxml/classmate/1.5.1/classmate-1.5.1.jar:/home/ivan/.m2/repository/org/springframework/spring-messaging/6.0.13/spring-messaging-6.0.13.jar:/home/ivan/.m2/repository/org/jline/jline/3.23.0/jline-3.23.0.jar:/home/ivan/.m2/repository/org/antlr/ST4/4.3.1/ST4-4.3.1.jar:/home/ivan/.m2/repository/org/antlr/antlr-runtime/3.5.2/antlr-runtime-3.5.2.jar:/home/ivan/.m2/repository/commons-io/commons-io/2.11.0/commons-io-2.11.0.jar:/home/ivan/.m2/repository/org/springframework/shell/spring-shell-standard/3.1.3/spring-shell-standard-3.1.3.jar:/home/ivan/.m2/repository/org/springframework/shell/spring-shell-standard-commands/3.1.3/spring-shell-standard-commands-3.1.3.jar:/home/ivan/.m2/repository/org/springframework/shell/spring-shell-table/3.1.3/spring-shell-table-3.1.3.jar:/home/ivan/.m2/repository/org/springframework/boot/spring-boot-starter/3.1.5/spring-boot-starter-3.1.5.jar:/home/ivan/.m2/repository/org/springframework/boot/spring-boot/3.1.5/spring-boot-3.1.5.jar:/home/ivan/.m2/repository/org/springframework/boot/spring-boot-starter-logging/3.1.5/spring-boot-starter-logging-3.1.5.jar:/home/ivan/.m2/repository/ch/qos/logback/logback-classic/1.4.11/logback-classic-1.4.11.jar:/home/ivan/.m2/repository/ch/qos/logback/logback-core/1.4.11/logback-core-1.4.11.jar:/home/ivan/.m2/repository/org/apache/logging/log4j/log4j-to-slf4j/2.20.0/log4j-to-slf4j-2.20.0.jar:/home/ivan/.m2/repository/org/apache/logging/log4j/log4j-api/2.20.0/log4j-api-2.20.0.jar:/home/ivan/.m2/repository/org/slf4j/jul-to-slf4j/2.0.9/jul-to-slf4j-2.0.9.jar:/home/ivan/.m2/repository/jakarta/annotation/jakarta.annotation-api/2.1.1/jakarta.annotation-api-2.1.1.jar:/home/ivan/.m2/repository/org/yaml/snakeyaml/1.33/snakeyaml-1.33.jar:/home/ivan/.m2/repository/org/springframework/boot/spring-boot-starter-data-mongodb/3.1.5/spring-boot-starter-data-mongodb-3.1.5.jar:/home/ivan/.m2/repository/org/mongodb/mongodb-driver-sync/4.9.1/mongodb-driver-sync-4.9.1.jar:/home/ivan/.m2/repository/org/mongodb/bson/4.9.1/bson-4.9.1.jar:/home/ivan/.m2/repository/org/mongodb/mongodb-driver-core/4.9.1/mongodb-driver-core-4.9.1.jar:/home/ivan/.m2/repository/org/mongodb/bson-record-codec/4.9.1/bson-record-codec-4.9.1.jar:/home/ivan/.m2/repository/org/springframework/data/spring-data-mongodb/4.1.5/spring-data-mongodb-4.1.5.jar:/home/ivan/.m2/repository/org/springframework/spring-beans/6.0.13/spring-beans-6.0.13.jar:/home/ivan/.m2/repository/org/springframework/spring-expression/6.0.13/spring-expression-6.0.13.jar:/home/ivan/.m2/repository/org/springframework/data/spring-data-commons/3.1.5/spring-data-commons-3.1.5.jar:/home/ivan/.m2/repository/org/slf4j/slf4j-api/2.0.9/slf4j-api-2.0.9.jar:/home/ivan/.m2/repository/org/springframework/boot/spring-boot-starter-test/3.1.5/spring-boot-starter-test-3.1.5.jar:/home/ivan/.m2/repository/org/springframework/boot/spring-boot-test/3.1.5/spring-boot-test-3.1.5.jar:/home/ivan/.m2/repository/org/springframework/boot/spring-boot-test-autoconfigure/3.1.5/spring-boot-test-autoconfigure-3.1.5.jar:/home/ivan/.m2/repository/com/jayway/jsonpath/json-path/2.8.0/json-path-2.8.0.jar:/home/ivan/.m2/repository/jakarta/xml/bind/jakarta.xml.bind-api/4.0.1/jakarta.xml.bind-api-4.0.1.jar:/home/ivan/.m2/repository/jakarta/activation/jakarta.activation-api/2.1.2/jakarta.activation-api-2.1.2.jar:/home/ivan/.m2/repository/net/minidev/json-smart/2.4.11/json-smart-2.4.11.jar:/home/ivan/.m2/repository/net/minidev/accessors-smart/2.4.11/accessors-smart-2.4.11.jar:/home/ivan/.m2/repository/org/ow2/asm/asm/9.3/asm-9.3.jar:/home/ivan/.m2/repository/org/assertj/assertj-core/3.24.2/assertj-core-3.24.2.jar:/home/ivan/.m2/repository/net/bytebuddy/byte-buddy/1.14.9/byte-buddy-1.14.9.jar:/home/ivan/.m2/repository/org/hamcrest/hamcrest/2.2/hamcrest-2.2.jar:/home/ivan/.m2/repository/org/junit/jupiter/junit-jupiter/5.9.3/junit-jupiter-5.9.3.jar:/home/ivan/.m2/repository/org/junit/jupiter/junit-jupiter-api/5.9.3/junit-jupiter-api-5.9.3.jar:/home/ivan/.m2/repository/org/opentest4j/opentest4j/1.2.0/opentest4j-1.2.0.jar:/home/ivan/.m2/repository/org/junit/platform/junit-platform-commons/1.9.3/junit-platform-commons-1.9.3.jar:/home/ivan/.m2/repository/org/apiguardian/apiguardian-api/1.1.2/apiguardian-api-1.1.2.jar:/home/ivan/.m2/repository/org/junit/jupiter/junit-jupiter-params/5.9.3/junit-jupiter-params-5.9.3.jar:/home/ivan/.m2/repository/org/junit/jupiter/junit-jupiter-engine/5.9.3/junit-jupiter-engine-5.9.3.jar:/home/ivan/.m2/repository/org/junit/platform/junit-platform-engine/1.9.3/junit-platform-engine-1.9.3.jar:/home/ivan/.m2/repository/org/mockito/mockito-core/5.3.1/mockito-core-5.3.1.jar:/home/ivan/.m2/repository/net/bytebuddy/byte-buddy-agent/1.14.9/byte-buddy-agent-1.14.9.jar:/home/ivan/.m2/repository/org/objenesis/objenesis/3.3/objenesis-3.3.jar:/home/ivan/.m2/repository/org/mockito/mockito-junit-jupiter/5.3.1/mockito-junit-jupiter-5.3.1.jar:/home/ivan/.m2/repository/org/skyscreamer/jsonassert/1.5.1/jsonassert-1.5.1.jar:/home/ivan/.m2/repository/com/vaadin/external/google/android-json/0.0.20131108.vaadin1/android-json-0.0.20131108.vaadin1.jar:/home/ivan/.m2/repository/org/springframework/spring-core/6.0.13/spring-core-6.0.13.jar:/home/ivan/.m2/repository/org/springframework/spring-jcl/6.0.13/spring-jcl-6.0.13.jar:/home/ivan/.m2/repository/org/springframework/spring-test/6.0.13/spring-test-6.0.13.jar:/home/ivan/.m2/repository/org/xmlunit/xmlunit-core/2.9.1/xmlunit-core-2.9.1.jar:/home/ivan/.m2/repository/com/github/cloudyrock/mongock/mongock-spring-v5/4.3.8/mongock-spring-v5-4.3.8.jar:/home/ivan/.m2/repository/com/github/cloudyrock/mongock/mongock-spring-runner-util/4.3.8/mongock-spring-runner-util-4.3.8.jar:/home/ivan/.m2/repository/com/github/cloudyrock/mongock/mongock-runner-core/4.3.8/mongock-runner-core-4.3.8.jar:/home/ivan/.m2/repository/com/github/cloudyrock/mongock/mongock-driver-api/4.3.8/mongock-driver-api-4.3.8.jar:/home/ivan/.m2/repository/javax/inject/javax.inject/1/javax.inject-1.jar:/home/ivan/.m2/repository/org/reflections/reflections/0.9.9/reflections-0.9.9.jar:/home/ivan/.m2/repository/com/google/guava/guava/15.0/guava-15.0.jar:/home/ivan/.m2/repository/org/javassist/javassist/3.18.2-GA/javassist-3.18.2-GA.jar:/home/ivan/.m2/repository/com/google/code/findbugs/annotations/2.0.1/annotations-2.0.1.jar:/home/ivan/.m2/repository/org/apache/maven/maven-artifact/3.6.1/maven-artifact-3.6.1.jar:/home/ivan/.m2/repository/org/codehaus/plexus/plexus-utils/3.2.0/plexus-utils-3.2.0.jar:/home/ivan/.m2/repository/org/apache/commons/commons-lang3/3.12.0/commons-lang3-3.12.0.jar:/home/ivan/.m2/repository/com/github/cloudyrock/mongock/mongock-api/4.3.8/mongock-api-4.3.8.jar:/home/ivan/.m2/repository/org/springframework/boot/spring-boot-configuration-processor/3.1.5/spring-boot-configuration-processor-3.1.5.jar:/home/ivan/.m2/repository/com/github/cloudyrock/mongock/mongock-utils/4.3.8/mongock-utils-4.3.8.jar:/home/ivan/.m2/repository/org/springframework/spring-context/6.0.13/spring-context-6.0.13.jar:/home/ivan/.m2/repository/org/springframework/spring-aop/6.0.13/spring-aop-6.0.13.jar:/home/ivan/.m2/repository/org/springframework/spring-tx/6.0.13/spring-tx-6.0.13.jar:/home/ivan/.m2/repository/org/springframework/boot/spring-boot-autoconfigure/3.1.5/spring-boot-autoconfigure-3.1.5.jar:/home/ivan/.m2/repository/com/github/cloudyrock/mongock/mongodb-springdata-v3-driver/4.3.8/mongodb-springdata-v3-driver-4.3.8.jar:/home/ivan/.m2/repository/com/github/cloudyrock/mongock/mongock-driver-core/4.3.8/mongock-driver-core-4.3.8.jar:/home/ivan/.m2/repository/com/github/cloudyrock/mongock/mongodb-sync-v4-driver/4.3.8/mongodb-sync-v4-driver-4.3.8.jar:"/>
    <property name="java.vm.vendor" value="Amazon.com Inc."/>
    <property name="sun.arch.data.model" value="64"/>
    <property name="java.vendor.url" value="https://aws.amazon.com/corretto/"/>
    <property name="user.timezone" value="Europe/Moscow"/>
    <property name="org.jboss.logging.provider" value="slf4j"/>
    <property name="os.name" value="Linux"/>
    <property name="java.vm.specification.version" value="20"/>
    <property name="sun.java.launcher" value="SUN_STANDARD"/>
    <property name="user.country" value="US"/>
    <property name="sun.boot.library.path" value="/home/ivan/.jdks/corretto-20.0.1/lib"/>
    <property name="sun.java.command" value="/home/ivan/Projects/OTUS/HW/2024-01-otus-spring-revin/hw11-web-flux/back/target/surefire/surefirebooter-20240530200323173_3.jar /home/ivan/Projects/OTUS/HW/2024-01-otus-spring-revin/hw11-web-flux/back/target/surefire 2024-05-30T20-03-23_108-jvmRun1 surefire-20240530200323173_1tmp surefire_0-20240530200323173_2tmp"/>
    <property name="jdk.debug" value="release"/>
    <property name="surefire.test.class.path" value="/home/ivan/Projects/OTUS/HW/2024-01-otus-spring-revin/hw11-web-flux/back/target/test-classes:/home/ivan/Projects/OTUS/HW/2024-01-otus-spring-revin/hw11-web-flux/back/target/classes:/home/ivan/.m2/repository/org/projectlombok/lombok/1.18.30/lombok-1.18.30.jar:/home/ivan/.m2/repository/org/springframework/shell/spring-shell-starter/3.1.3/spring-shell-starter-3.1.3.jar:/home/ivan/.m2/repository/org/springframework/shell/spring-shell-autoconfigure/3.1.3/spring-shell-autoconfigure-3.1.3.jar:/home/ivan/.m2/repository/org/springframework/shell/spring-shell-core/3.1.3/spring-shell-core-3.1.3.jar:/home/ivan/.m2/repository/org/springframework/boot/spring-boot-starter-validation/3.1.5/spring-boot-starter-validation-3.1.5.jar:/home/ivan/.m2/repository/org/apache/tomcat/embed/tomcat-embed-el/10.1.15/tomcat-embed-el-10.1.15.jar:/home/ivan/.m2/repository/org/hibernate/validator/hibernate-validator/8.0.1.Final/hibernate-validator-8.0.1.Final.jar:/home/ivan/.m2/repository/jakarta/validation/jakarta.validation-api/3.0.2/jakarta.validation-api-3.0.2.jar:/home/ivan/.m2/repository/org/jboss/logging/jboss-logging/3.5.3.Final/jboss-logging-3.5.3.Final.jar:/home/ivan/.m2/repository/com/fasterxml/classmate/1.5.1/classmate-1.5.1.jar:/home/ivan/.m2/repository/org/springframework/spring-messaging/6.0.13/spring-messaging-6.0.13.jar:/home/ivan/.m2/repository/org/jline/jline/3.23.0/jline-3.23.0.jar:/home/ivan/.m2/repository/org/antlr/ST4/4.3.1/ST4-4.3.1.jar:/home/ivan/.m2/repository/org/antlr/antlr-runtime/3.5.2/antlr-runtime-3.5.2.jar:/home/ivan/.m2/repository/commons-io/commons-io/2.11.0/commons-io-2.11.0.jar:/home/ivan/.m2/repository/org/springframework/shell/spring-shell-standard/3.1.3/spring-shell-standard-3.1.3.jar:/home/ivan/.m2/repository/org/springframework/shell/spring-shell-standard-commands/3.1.3/spring-shell-standard-commands-3.1.3.jar:/home/ivan/.m2/repository/org/springframework/shell/spring-shell-table/3.1.3/spring-shell-table-3.1.3.jar:/home/ivan/.m2/repository/org/springframework/boot/spring-boot-starter/3.1.5/spring-boot-starter-3.1.5.jar:/home/ivan/.m2/repository/org/springframework/boot/spring-boot/3.1.5/spring-boot-3.1.5.jar:/home/ivan/.m2/repository/org/springframework/boot/spring-boot-starter-logging/3.1.5/spring-boot-starter-logging-3.1.5.jar:/home/ivan/.m2/repository/ch/qos/logback/logback-classic/1.4.11/logback-classic-1.4.11.jar:/home/ivan/.m2/repository/ch/qos/logback/logback-core/1.4.11/logback-core-1.4.11.jar:/home/ivan/.m2/repository/org/apache/logging/log4j/log4j-to-slf4j/2.20.0/log4j-to-slf4j-2.20.0.jar:/home/ivan/.m2/repository/org/apache/logging/log4j/log4j-api/2.20.0/log4j-api-2.20.0.jar:/home/ivan/.m2/repository/org/slf4j/jul-to-slf4j/2.0.9/jul-to-slf4j-2.0.9.jar:/home/ivan/.m2/repository/jakarta/annotation/jakarta.annotation-api/2.1.1/jakarta.annotation-api-2.1.1.jar:/home/ivan/.m2/repository/org/yaml/snakeyaml/1.33/snakeyaml-1.33.jar:/home/ivan/.m2/repository/org/springframework/boot/spring-boot-starter-data-mongodb/3.1.5/spring-boot-starter-data-mongodb-3.1.5.jar:/home/ivan/.m2/repository/org/mongodb/mongodb-driver-sync/4.9.1/mongodb-driver-sync-4.9.1.jar:/home/ivan/.m2/repository/org/mongodb/bson/4.9.1/bson-4.9.1.jar:/home/ivan/.m2/repository/org/mongodb/mongodb-driver-core/4.9.1/mongodb-driver-core-4.9.1.jar:/home/ivan/.m2/repository/org/mongodb/bson-record-codec/4.9.1/bson-record-codec-4.9.1.jar:/home/ivan/.m2/repository/org/springframework/data/spring-data-mongodb/4.1.5/spring-data-mongodb-4.1.5.jar:/home/ivan/.m2/repository/org/springframework/spring-beans/6.0.13/spring-beans-6.0.13.jar:/home/ivan/.m2/repository/org/springframework/spring-expression/6.0.13/spring-expression-6.0.13.jar:/home/ivan/.m2/repository/org/springframework/data/spring-data-commons/3.1.5/spring-data-commons-3.1.5.jar:/home/ivan/.m2/repository/org/slf4j/slf4j-api/2.0.9/slf4j-api-2.0.9.jar:/home/ivan/.m2/repository/org/springframework/boot/spring-boot-starter-test/3.1.5/spring-boot-starter-test-3.1.5.jar:/home/ivan/.m2/repository/org/springframework/boot/spring-boot-test/3.1.5/spring-boot-test-3.1.5.jar:/home/ivan/.m2/repository/org/springframework/boot/spring-boot-test-autoconfigure/3.1.5/spring-boot-test-autoconfigure-3.1.5.jar:/home/ivan/.m2/repository/com/jayway/jsonpath/json-path/2.8.0/json-path-2.8.0.jar:/home/ivan/.m2/repository/jakarta/xml/bind/jakarta.xml.bind-api/4.0.1/jakarta.xml.bind-api-4.0.1.jar:/home/ivan/.m2/repository/jakarta/activation/jakarta.activation-api/2.1.2/jakarta.activation-api-2.1.2.jar:/home/ivan/.m2/repository/net/minidev/json-smart/2.4.11/json-smart-2.4.11.jar:/home/ivan/.m2/repository/net/minidev/accessors-smart/2.4.11/accessors-smart-2.4.11.jar:/home/ivan/.m2/repository/org/ow2/asm/asm/9.3/asm-9.3.jar:/home/ivan/.m2/repository/org/assertj/assertj-core/3.24.2/assertj-core-3.24.2.jar:/home/ivan/.m2/repository/net/bytebuddy/byte-buddy/1.14.9/byte-buddy-1.14.9.jar:/home/ivan/.m2/repository/org/hamcrest/hamcrest/2.2/hamcrest-2.2.jar:/home/ivan/.m2/repository/org/junit/jupiter/junit-jupiter/5.9.3/junit-jupiter-5.9.3.jar:/home/ivan/.m2/repository/org/junit/jupiter/junit-jupiter-api/5.9.3/junit-jupiter-api-5.9.3.jar:/home/ivan/.m2/repository/org/opentest4j/opentest4j/1.2.0/opentest4j-1.2.0.jar:/home/ivan/.m2/repository/org/junit/platform/junit-platform-commons/1.9.3/junit-platform-commons-1.9.3.jar:/home/ivan/.m2/repository/org/apiguardian/apiguardian-api/1.1.2/apiguardian-api-1.1.2.jar:/home/ivan/.m2/repository/org/junit/jupiter/junit-jupiter-params/5.9.3/junit-jupiter-params-5.9.3.jar:/home/ivan/.m2/repository/org/junit/jupiter/junit-jupiter-engine/5.9.3/junit-jupiter-engine-5.9.3.jar:/home/ivan/.m2/repository/org/junit/platform/junit-platform-engine/1.9.3/junit-platform-engine-1.9.3.jar:/home/ivan/.m2/repository/org/mockito/mockito-core/5.3.1/mockito-core-5.3.1.jar:/home/ivan/.m2/repository/net/bytebuddy/byte-buddy-agent/1.14.9/byte-buddy-agent-1.14.9.jar:/home/ivan/.m2/repository/org/objenesis/objenesis/3.3/objenesis-3.3.jar:/home/ivan/.m2/repository/org/mockito/mockito-junit-jupiter/5.3.1/mockito-junit-jupiter-5.3.1.jar:/home/ivan/.m2/repository/org/skyscreamer/jsonassert/1.5.1/jsonassert-1.5.1.jar:/home/ivan/.m2/repository/com/vaadin/external/google/android-json/0.0.20131108.vaadin1/android-json-0.0.20131108.vaadin1.jar:/home/ivan/.m2/repository/org/springframework/spring-core/6.0.13/spring-core-6.0.13.jar:/home/ivan/.m2/repository/org/springframework/spring-jcl/6.0.13/spring-jcl-6.0.13.jar:/home/ivan/.m2/repository/org/springframework/spring-test/6.0.13/spring-test-6.0.13.jar:/home/ivan/.m2/repository/org/xmlunit/xmlunit-core/2.9.1/xmlunit-core-2.9.1.jar:/home/ivan/.m2/repository/com/github/cloudyrock/mongock/mongock-spring-v5/4.3.8/mongock-spring-v5-4.3.8.jar:/home/ivan/.m2/repository/com/github/cloudyrock/mongock/mongock-spring-runner-util/4.3.8/mongock-spring-runner-util-4.3.8.jar:/home/ivan/.m2/repository/com/github/cloudyrock/mongock/mongock-runner-core/4.3.8/mongock-runner-core-4.3.8.jar:/home/ivan/.m2/repository/com/github/cloudyrock/mongock/mongock-driver-api/4.3.8/mongock-driver-api-4.3.8.jar:/home/ivan/.m2/repository/javax/inject/javax.inject/1/javax.inject-1.jar:/home/ivan/.m2/repository/org/reflections/reflections/0.9.9/reflections-0.9.9.jar:/home/ivan/.m2/repository/com/google/guava/guava/15.0/guava-15.0.jar:/home/ivan/.m2/repository/org/javassist/javassist/3.18.2-GA/javassist-3.18.2-GA.jar:/home/ivan/.m2/repository/com/google/code/findbugs/annotations/2.0.1/annotations-2.0.1.jar:/home/ivan/.m2/repository/org/apache/maven/maven-artifact/3.6.1/maven-artifact-3.6.1.jar:/home/ivan/.m2/repository/org/codehaus/plexus/plexus-utils/3.2.0/plexus-utils-3.2.0.jar:/home/ivan/.m2/repository/org/apache/commons/commons-lang3/3.12.0/commons-lang3-3.12.0.jar:/home/ivan/.m2/repository/com/github/cloudyrock/mongock/mongock-api/4.3.8/mongock-api-4.3.8.jar:/home/ivan/.m2/repository/org/springframework/boot/spring-boot-configuration-processor/3.1.5/spring-boot-configuration-processor-3.1.5.jar:/home/ivan/.m2/repository/com/github/cloudyrock/mongock/mongock-utils/4.3.8/mongock-utils-4.3.8.jar:/home/ivan/.m2/repository/org/springframework/spring-context/6.0.13/spring-context-6.0.13.jar:/home/ivan/.m2/repository/org/springframework/spring-aop/6.0.13/spring-aop-6.0.13.jar:/home/ivan/.m2/repository/org/springframework/spring-tx/6.0.13/spring-tx-6.0.13.jar:/home/ivan/.m2/repository/org/springframework/boot/spring-boot-autoconfigure/3.1.5/spring-boot-autoconfigure-3.1.5.jar:/home/ivan/.m2/repository/com/github/cloudyrock/mongock/mongodb-springdata-v3-driver/4.3.8/mongodb-springdata-v3-driver-4.3.8.jar:/home/ivan/.m2/repository/com/github/cloudyrock/mongock/mongock-driver-core/4.3.8/mongock-driver-core-4.3.8.jar:/home/ivan/.m2/repository/com/github/cloudyrock/mongock/mongodb-sync-v4-driver/4.3.8/mongodb-sync-v4-driver-4.3.8.jar:"/>
    <property name="sun.cpu.endian" value="little"/>
    <property name="user.home" value="/home/ivan"/>
    <property name="user.language" value="en"/>
    <property name="java.specification.vendor" value="Oracle Corporation"/>
    <property name="java.version.date" value="2023-04-18"/>
    <property name="java.home" value="/home/ivan/.jdks/corretto-20.0.1"/>
    <property name="file.separator" value="/"/>
    <property name="basedir" value="/home/ivan/Projects/OTUS/HW/2024-01-otus-spring-revin/hw11-web-flux/back"/>
    <property name="java.vm.compressedOopsMode" value="Zero based"/>
    <property name="line.separator" value="&#10;"/>
    <property name="java.vm.specification.vendor" value="Oracle Corporation"/>
    <property name="java.specification.name" value="Java Platform API Specification"/>
    <property name="FILE_LOG_CHARSET" value="UTF-8"/>
    <property name="java.awt.headless" value="true"/>
    <property name="surefire.real.class.path" value="/home/ivan/Projects/OTUS/HW/2024-01-otus-spring-revin/hw11-web-flux/back/target/surefire/surefirebooter-20240530200323173_3.jar"/>
    <property name="sun.management.compiler" value="HotSpot 64-Bit Tiered Compilers"/>
    <property name="java.runtime.version" value="20.0.1+9-FR"/>
    <property name="user.name" value="ivan"/>
    <property name="stdout.encoding" value="UTF-8"/>
    <property name="path.separator" value=":"/>
    <property name="os.version" value="6.5.0-35-generic"/>
    <property name="java.runtime.name" value="OpenJDK Runtime Environment"/>
    <property name="file.encoding" value="UTF-8"/>
    <property name="java.vm.name" value="OpenJDK 64-Bit Server VM"/>
    <property name="java.vendor.version" value="Corretto-20.0.1.9.1"/>
    <property name="localRepository" value="/home/ivan/.m2/repository"/>
    <property name="java.vendor.url.bug" value="https://github.com/corretto/corretto-20/issues/"/>
    <property name="java.io.tmpdir" value="/tmp"/>
    <property name="idea.version" value="2023.1.5"/>
    <property name="java.version" value="20.0.1"/>
    <property name="user.dir" value="/home/ivan/Projects/OTUS/HW/2024-01-otus-spring-revin/hw11-web-flux/back"/>
    <property name="os.arch" value="amd64"/>
    <property name="java.vm.specification.name" value="Java Virtual Machine Specification"/>
    <property name="PID" value="501494"/>
    <property name="CONSOLE_LOG_CHARSET" value="UTF-8"/>
    <property name="native.encoding" value="UTF-8"/>
    <property name="java.library.path" value="/usr/java/packages/lib:/usr/lib64:/lib64:/lib:/usr/lib"/>
    <property name="java.vm.info" value="mixed mode, sharing"/>
    <property name="stderr.encoding" value="UTF-8"/>
    <property name="java.vendor" value="Amazon.com Inc."/>
    <property name="java.vm.version" value="20.0.1+9-FR"/>
    <property name="sun.io.unicode.encoding" value="UnicodeLittle"/>
    <property name="java.class.version" value="64.0"/>
  </properties>
  <testcase name="findAllByIdsShouldReturnGenres" classname="ru.otus.hw.repositories.MongoGenreRepositoryTest" time="0.064">
    <system-out><![CDATA[2024-05-30T20:03:26.859+03:00  INFO 501494 --- [           main] t.c.s.AnnotationConfigContextLoaderUtils : Could not detect default configuration classes for test class [ru.otus.hw.repositories.MongoGenreRepositoryTest]: MongoGenreRepositoryTest does not declare any static, non-private, non-final, nested classes annotated with @Configuration.
2024-05-30T20:03:26.862+03:00  INFO 501494 --- [           main] .b.t.c.SpringBootTestContextBootstrapper : Found @SpringBootConfiguration ru.otus.hw.Application for test class ru.otus.hw.repositories.MongoGenreRepositoryTest
]]></system-out>
  </testcase>
</testsuite>